[debug] [2020-09-12T19:19:19.688Z] ----------------------------------------------------------------------
[debug] [2020-09-12T19:19:19.689Z] Command:       /usr/local/Cellar/node/14.4.0/bin/node /usr/local/bin/firebase serve
[debug] [2020-09-12T19:19:19.689Z] CLI Version:   7.6.2
[debug] [2020-09-12T19:19:19.689Z] Platform:      darwin
[debug] [2020-09-12T19:19:19.689Z] Node Version:  v14.4.0
[debug] [2020-09-12T19:19:19.690Z] Time:          Sun Sep 13 2020 00:49:19 GMT+0530 (India Standard Time)
[debug] [2020-09-12T19:19:19.690Z] ----------------------------------------------------------------------
[debug] [2020-09-12T19:19:19.690Z] 
[debug] [2020-09-12T19:19:19.699Z] > command requires scopes: ["email","openid","https://www.googleapis.com/auth/cloudplatformprojects.readonly","https://www.googleapis.com/auth/firebase","https://www.googleapis.com/auth/cloud-platform"]
[debug] [2020-09-12T19:19:19.699Z] > authorizing via signed-in user
[debug] [2020-09-12T19:19:19.700Z] [iam] checking project notchup-f203d for permissions ["firebase.projects.get"]
[debug] [2020-09-12T19:19:19.701Z] >>> HTTP REQUEST POST https://cloudresourcemanager.googleapis.com/v1/projects/notchup-f203d:testIamPermissions  

[debug] [2020-09-12T19:19:22.484Z] <<< HTTP RESPONSE 200
[debug] [2020-09-12T19:19:22.489Z] >>> HTTP REQUEST GET https://firebase.googleapis.com/v1beta1/projects/notchup-f203d  
 
[debug] [2020-09-12T19:19:23.157Z] <<< HTTP RESPONSE 200
[info] 
[info] === Serving from '/Users/saurabhgoyal/Documents/NotchUp'...
[info] 
[debug] [2020-09-12T19:19:23.161Z] >>> HTTP REQUEST GET https://firebase.googleapis.com/v1beta1/projects/notchup-f203d/webApps/-/config  
 
[warn] ⚠  Your requested "node" version "8" doesn't match your global version "14"
[info] ✔  functions: Emulator started at http://localhost:5001
[debug] [2020-09-12T19:19:24.550Z] <<< HTTP RESPONSE 200
[info] i  functions: Watching "/Users/saurabhgoyal/Documents/NotchUp/functions" for Cloud Functions...
[debug] [2020-09-12T19:19:24.578Z] [worker-~diagnostic~-d0866c5b-cd31-436e-9b9e-c459906df2bb]: BUSY
[info] i  hosting: Serving hosting files from: public
[info] ✔  hosting: Local server: http://localhost:5000
[debug] [2020-09-12T19:19:24.813Z] [runtime-status] Functions runtime initialized. {"cwd":"/Users/saurabhgoyal/Documents/NotchUp/functions","node_version":"14.4.0"}
[info] >  (node:93862) Warning: Accessing non-existent property 'padLevels' of module exports inside circular dependency
[info] >  (Use `node --trace-warnings ...` to show where the warning was created)
[debug] [2020-09-12T19:19:24.814Z] [runtime-status] Disabled runtime features: {"functions_config_helper":true,"network_filtering":true,"timeout":true,"memory_limiting":true,"admin_stubs":true} {}
[debug] [2020-09-12T19:19:24.817Z] [runtime-status] Resolved module firebase-admin {"declared":true,"installed":true,"version":"8.13.0","resolution":"/Users/saurabhgoyal/Documents/NotchUp/functions/node_modules/firebase-admin/lib/index.js"}
[debug] [2020-09-12T19:19:24.819Z] [runtime-status] Resolved module firebase-functions {"declared":true,"installed":true,"version":"3.11.0","resolution":"/Users/saurabhgoyal/Documents/NotchUp/functions/node_modules/firebase-functions/lib/index.js"}
[debug] [2020-09-12T19:19:24.820Z] [runtime-status] Resolved module firebase-functions {"declared":true,"installed":true,"version":"3.11.0","resolution":"/Users/saurabhgoyal/Documents/NotchUp/functions/node_modules/firebase-functions/lib/index.js"}
[info] ✔  functions[demoSlotData]: http function initialized (http://localhost:5001/notchup-f203d/us-central1/demoSlotData).
[debug] [2020-09-12T19:19:24.904Z] [worker-~diagnostic~-d0866c5b-cd31-436e-9b9e-c459906df2bb]: exited
[debug] [2020-09-12T19:19:24.904Z] [worker-~diagnostic~-d0866c5b-cd31-436e-9b9e-c459906df2bb]: FINISHED
